2025-08-20 05:48:03,549 - DatabaseManager - INFO - Database connection established successfully
2025-08-20 05:48:03,567 - DatabaseManager - INFO - Database schema created successfully
2025-08-20 05:48:03,568 - DatabaseManager - INFO - Default settings inserted successfully
2025-08-20 05:48:03,570 - DatabaseManager - INFO - Sample data created successfully
2025-08-20 05:48:31,954 - DatabaseManager - INFO - Database connection established successfully
2025-08-20 05:48:31,955 - DatabaseManager - INFO - Database schema created successfully
2025-08-20 05:48:31,956 - DatabaseManager - INFO - Default settings inserted successfully
2025-08-20 05:49:36,923 - DatabaseManager - INFO - Database connection established successfully
2025-08-20 05:49:36,924 - DatabaseManager - INFO - Database schema created successfully
2025-08-20 05:49:36,924 - DatabaseManager - INFO - Default settings inserted successfully
2025-08-20 05:50:07,105 - DatabaseManager - INFO - Database connection established successfully
2025-08-20 05:50:07,106 - DatabaseManager - INFO - Database schema created successfully
2025-08-20 05:50:07,106 - DatabaseManager - INFO - Default settings inserted successfully
2025-08-20 05:51:13,844 - DatabaseManager - INFO - Database connection established successfully
2025-08-20 05:51:13,845 - DatabaseManager - INFO - Database schema created successfully
2025-08-20 05:51:13,845 - DatabaseManager - INFO - Default settings inserted successfully
2025-08-20 05:51:43,986 - DatabaseManager - INFO - Database connection established successfully
2025-08-20 05:51:43,987 - DatabaseManager - INFO - Database schema created successfully
2025-08-20 05:51:43,987 - DatabaseManager - INFO - Default settings inserted successfully
2025-08-20 05:51:44,228 - DatabaseManager - ERROR - Query execution failed: ambiguous column name: total
2025-08-20 19:43:43,770 - DatabaseManager - INFO - Database connection established successfully
2025-08-20 19:43:43,771 - DatabaseManager - INFO - Database schema created successfully
2025-08-20 19:43:43,771 - DatabaseManager - INFO - Default settings inserted successfully
2025-08-20 22:50:01,036 - DatabaseManager - INFO - Database connection established successfully
2025-08-20 22:50:01,038 - DatabaseManager - INFO - Database schema created successfully
2025-08-20 22:50:01,039 - DatabaseManager - INFO - Default settings inserted successfully
2025-08-20 22:50:02,429 - DatabaseManager - ERROR - Query execution failed: ambiguous column name: total
2025-08-20 22:50:20,186 - DatabaseManager - ERROR - Query execution failed: ambiguous column name: total
2025-08-20 22:51:13,258 - DatabaseManager - ERROR - Query execution failed: ambiguous column name: total
2025-08-20 22:51:23,958 - DatabaseManager - ERROR - Query execution failed: ambiguous column name: total
2025-08-20 22:51:28,215 - DatabaseManager - ERROR - Query execution failed: ambiguous column name: total
2025-08-20 22:51:28,232 - DatabaseManager - ERROR - Query execution failed: ambiguous column name: total
2025-08-20 22:51:28,249 - DatabaseManager - ERROR - Query execution failed: ambiguous column name: total
2025-08-20 22:51:28,264 - DatabaseManager - ERROR - Query execution failed: ambiguous column name: total
2025-08-20 22:51:28,647 - DatabaseManager - ERROR - Query execution failed: ambiguous column name: total
2025-08-20 22:51:28,679 - DatabaseManager - ERROR - Query execution failed: ambiguous column name: total
2025-08-20 22:51:28,695 - DatabaseManager - ERROR - Query execution failed: ambiguous column name: total
2025-08-20 22:51:28,710 - DatabaseManager - ERROR - Query execution failed: ambiguous column name: total
2025-08-20 22:51:29,416 - DatabaseManager - ERROR - Query execution failed: ambiguous column name: total
2025-08-20 22:51:29,464 - DatabaseManager - ERROR - Query execution failed: ambiguous column name: total
2025-08-20 22:51:29,944 - DatabaseManager - ERROR - Query execution failed: ambiguous column name: total
2025-08-20 22:51:30,023 - DatabaseManager - ERROR - Query execution failed: ambiguous column name: total
2025-08-20 22:51:30,951 - DatabaseManager - ERROR - Query execution failed: ambiguous column name: total
2025-08-20 22:51:31,040 - DatabaseManager - ERROR - Query execution failed: ambiguous column name: total
2025-08-20 22:51:31,208 - DatabaseManager - ERROR - Query execution failed: ambiguous column name: total
2025-08-20 22:51:31,295 - DatabaseManager - ERROR - Query execution failed: ambiguous column name: total
2025-08-20 22:51:31,312 - DatabaseManager - ERROR - Query execution failed: ambiguous column name: total
2025-08-20 22:51:31,455 - DatabaseManager - ERROR - Query execution failed: ambiguous column name: total
2025-08-20 22:51:32,063 - DatabaseManager - ERROR - Query execution failed: ambiguous column name: total
2025-08-20 22:51:33,088 - DatabaseManager - ERROR - Query execution failed: ambiguous column name: total
2025-08-20 22:51:34,232 - DatabaseManager - ERROR - Query execution failed: ambiguous column name: total
2025-08-20 22:51:37,115 - DatabaseManager - ERROR - Query execution failed: ambiguous column name: total
2025-08-20 22:51:37,126 - DatabaseManager - ERROR - Query execution failed: ambiguous column name: total
2025-08-20 22:51:37,140 - DatabaseManager - ERROR - Query execution failed: ambiguous column name: total
2025-08-20 22:51:44,028 - DatabaseManager - ERROR - Query execution failed: ambiguous column name: total
2025-08-20 22:51:44,040 - DatabaseManager - ERROR - Query execution failed: ambiguous column name: total
2025-08-20 22:51:44,054 - DatabaseManager - ERROR - Query execution failed: ambiguous column name: total
2025-08-20 22:55:08,718 - DatabaseManager - INFO - Database connection established successfully
2025-08-20 22:55:08,720 - DatabaseManager - INFO - Database schema created successfully
2025-08-20 22:55:08,721 - DatabaseManager - INFO - Default settings inserted successfully
2025-08-20 22:55:09,269 - DatabaseManager - ERROR - Query execution failed: ambiguous column name: total
2025-08-20 23:20:27,568 - DatabaseManager - INFO - Database connection closed successfully
